\BOOKMARK [0][-]{chapter.1}{Introduction}{}% 1
\BOOKMARK [1][-]{section.1.1}{Motivation}{chapter.1}% 2
\BOOKMARK [1][-]{section.1.2}{Objective}{chapter.1}% 3
\BOOKMARK [1][-]{section.1.3}{Outline}{chapter.1}% 4
\BOOKMARK [0][-]{chapter.2}{Background\040and\040Fundamental\040Theory}{}% 5
\BOOKMARK [1][-]{section.2.1}{Exoskeleton\040Control\040Framework}{chapter.2}% 6
\BOOKMARK [2][-]{subsection.2.1.1}{Controller\040Hierarchization}{section.2.1}% 7
\BOOKMARK [2][-]{subsection.2.1.2}{Controller\040Categorization}{section.2.1}% 8
\BOOKMARK [1][-]{section.2.2}{Gait-based\040Control}{chapter.2}% 9
\BOOKMARK [2][-]{subsection.2.2.1}{Human\040Gait\040Description}{section.2.2}% 10
\BOOKMARK [2][-]{subsection.2.2.2}{Gait-based\040controllers}{section.2.2}% 11
\BOOKMARK [1][-]{section.2.3}{DASH\040Exoskeleton\040Hardware\040and\040Software}{chapter.2}% 12
\BOOKMARK [2][-]{subsection.2.3.1}{Sensors}{section.2.3}% 13
\BOOKMARK [2][-]{subsection.2.3.2}{Power\040System}{section.2.3}% 14
\BOOKMARK [2][-]{subsection.2.3.3}{Control\040System}{section.2.3}% 15
\BOOKMARK [2][-]{subsection.2.3.4}{Mechanical\040Structure}{section.2.3}% 16
\BOOKMARK [2][-]{subsection.2.3.5}{Pilot\040Interaction\040and\040Support}{section.2.3}% 17
\BOOKMARK [2][-]{subsection.2.3.6}{Embedded\040Systems}{section.2.3}% 18
\BOOKMARK [2][-]{subsection.2.3.7}{Human-Machine\040Interface\040\(HMI\)}{section.2.3}% 19
\BOOKMARK [1][-]{section.2.4}{Supervised\040Machine\040Learning}{chapter.2}% 20
\BOOKMARK [2][-]{subsection.2.4.1}{Standardization\040of\040Data}{section.2.4}% 21
\BOOKMARK [2][-]{subsection.2.4.2}{Gaussian\040Process\040Regression}{section.2.4}% 22
\BOOKMARK [2][-]{subsection.2.4.3}{Deep\040Neural\040Networks}{section.2.4}% 23
\BOOKMARK [0][-]{chapter.3}{Related\040Work}{}% 24
\BOOKMARK [1][-]{section.3.1}{Gaussian\040Process\040Regression\040Models}{chapter.3}% 25
\BOOKMARK [1][-]{section.3.2}{Neural\040Networks\040Models}{chapter.3}% 26
\BOOKMARK [2][-]{subsection.3.2.1}{Back\040Propagation\040Neural\040Networks}{section.3.2}% 27
\BOOKMARK [2][-]{subsection.3.2.2}{Long\040Short-Term\040Memory\040\(LSTM\)\040Networks}{section.3.2}% 28
\BOOKMARK [1][-]{section.3.3}{Extreme\040Learning\040Machine\040\(ELM\)}{chapter.3}% 29
\BOOKMARK [1][-]{section.3.4}{Multiples\040Regressions}{chapter.3}% 30
\BOOKMARK [1][-]{section.3.5}{Nonlinear\040Autoregressive\040Models}{chapter.3}% 31
\BOOKMARK [1][-]{section.3.6}{Neuro-fuzzy\040systems}{chapter.3}% 32
\BOOKMARK [1][-]{section.3.7}{Support\040Vector\040Regression}{chapter.3}% 33
\BOOKMARK [1][-]{section.3.8}{Comparison\040of\040Methods}{chapter.3}% 34
\BOOKMARK [0][-]{chapter.4}{Design\040and\040Implementation}{}% 35
\BOOKMARK [1][-]{section.4.1}{Controller\040Overview}{chapter.4}% 36
\BOOKMARK [2][-]{subsection.4.1.1}{Gait\040Phase\040Estimation}{section.4.1}% 37
\BOOKMARK [2][-]{subsection.4.1.2}{Key\040points\040selection}{section.4.1}% 38
\BOOKMARK [2][-]{subsection.4.1.3}{Neural\040Network\040model}{section.4.1}% 39
\BOOKMARK [2][-]{subsection.4.1.4}{Gait\040Period\040Estimation}{section.4.1}% 40
\BOOKMARK [1][-]{section.4.2}{Controller\040Implementation}{chapter.4}% 41
\BOOKMARK [2][-]{subsection.4.2.1}{Databases\040Selection}{section.4.2}% 42
\BOOKMARK [2][-]{subsection.4.2.2}{Key\040Points\040Extraction}{section.4.2}% 43
\BOOKMARK [2][-]{subsection.4.2.3}{Neural\040Networks\040Training}{section.4.2}% 44
\BOOKMARK [2][-]{subsection.4.2.4}{Gaussian\040Process\040Regression\040Training}{section.4.2}% 45
\BOOKMARK [2][-]{subsection.4.2.5}{Interpolation\040Choices}{section.4.2}% 46
\BOOKMARK [0][-]{chapter.5}{Performance\040Evaluation}{}% 47
\BOOKMARK [1][-]{section.5.1}{Gait\040phase\040Estimation\040Performance}{chapter.5}% 48
\BOOKMARK [1][-]{section.5.2}{Gait\040Period\040Estimation\040Performance}{chapter.5}% 49
\BOOKMARK [1][-]{section.5.3}{Evaluation\040of\040Trajectory\040Reconstruction\040Accuracy\040Using\040Selected\040Key\040Points\040and\040Interpolation\040Method}{chapter.5}% 50
\BOOKMARK [1][-]{section.5.4}{Neural\040Networks\040Performance}{chapter.5}% 51
\BOOKMARK [2][-]{subsection.5.4.1}{Error\040Metrics}{section.5.4}% 52
\BOOKMARK [2][-]{subsection.5.4.2}{Reduced\040Neural\040Networks}{section.5.4}% 53
\BOOKMARK [2][-]{subsection.5.4.3}{Complete\040Neural\040Network}{section.5.4}% 54
\BOOKMARK [1][-]{section.5.5}{Trajectory\040Generation\040Performance\040and\040Optimization}{chapter.5}% 55
\BOOKMARK [2][-]{subsection.5.5.1}{Trajectory\040Generation\040Initial\040Complete\040Model\040Performance}{section.5.5}% 56
\BOOKMARK [2][-]{subsection.5.5.2}{Model\040Optimization\040and\040Trajectory\040Generation\040Performance}{section.5.5}% 57
\BOOKMARK [0][-]{chapter.6}{Summary}{}% 58
\BOOKMARK [1][-]{section.6.1}{Discussion}{chapter.6}% 59
\BOOKMARK [1][-]{section.6.2}{Conclusion}{chapter.6}% 60
\BOOKMARK [1][-]{section.6.3}{Outlook}{chapter.6}% 61
\BOOKMARK [0][-]{chapter*.103}{Bibliography}{}% 62
